2019/10/30 19:40:16.4 CreateContest
2019/10/30 19:40:17.1 Create Solution [testcontest]
2019/10/30 19:40:20.1 Create Project [test1]
2019/10/30 19:40:20.3 Join Solution [test1]
2019/10/30 19:40:20.3 Finish
2019/10/30 19:40:20.4 --------------------------------
2019/10/30 19:42:50.1 CreateContest
2019/10/30 19:42:50.2 Finish
2019/10/30 19:42:50.2 --------------------------------
2019/10/30 19:43:31.7 CreateContest
2019/10/30 19:43:31.7 Finish
2019/10/30 19:43:31.7 --------------------------------
2019/10/30 19:44:14.2 CreateContest
2019/10/30 19:44:14.2 Finish
2019/10/30 19:44:14.2 --------------------------------
2019/10/30 19:45:07.2 CreateContest
2019/10/30 19:45:07.7 Create Solution [testcontest]
2019/10/30 19:47:08.0 AddQuestion
2019/10/30 19:47:09.8 Create Project [test2]
2019/10/30 19:47:10.0 Join Solution [test2]
2019/10/30 19:47:10.0 Finish
2019/10/30 19:47:10.1 --------------------------------
2019/10/30 19:49:58.9 AddQuestion
2019/10/30 19:49:58.9 コンテスト名[testcontest2]が存在しません。
2019/10/30 19:49:58.9 Finish
2019/10/30 19:49:58.9 --------------------------------
2019/10/30 19:50:12.1 CreateContest
2019/10/30 19:50:12.7 Create Solution [testcontest2]
2019/10/30 19:50:14.4 
2019/10/30 19:50:14.4 Create Project [test2]
2019/10/30 19:50:14.6 
2019/10/30 19:50:14.6 Join Solution [test2]
2019/10/30 19:50:14.6 Finish
2019/10/30 19:50:14.6 --------------------------------
2019/10/30 19:52:09.7 CreateContest
2019/10/30 19:52:10.2 Create Solution [testcontest3]
2019/10/30 19:52:12.0 
2019/10/30 19:52:12.0 Create Project [test2]
2019/10/30 19:52:12.2 
2019/10/30 19:52:12.2 Join Solution [test2]
2019/10/30 19:52:12.2 Finish
2019/10/30 19:52:12.2 --------------------------------
2019/10/30 19:54:30.0 CreateContest
2019/10/30 19:54:30.5 Create Solution [testcontest4]
2019/10/30 19:54:32.4 
2019/10/30 19:54:32.4 Create Project [test2]
2019/10/30 19:54:32.6 
2019/10/30 19:54:32.6 Join Solution [test2]
2019/10/30 19:54:32.7 Finish
2019/10/30 19:54:32.7 --------------------------------
2019/10/30 19:57:31.8 CreateContest
2019/10/30 19:57:32.3 Create Solution [testcontest4]
2019/10/30 19:57:34.1 Create Project [test2]
2019/10/30 19:57:34.7 Join Solution [test2]
2019/10/30 19:57:34.8 Finish
2019/10/30 19:57:34.8 --------------------------------
2019/10/30 19:59:42.0 Finish
2019/10/30 19:59:42.0 --------------------------------
2019/10/30 20:01:37.3 Finish
2019/10/30 20:01:37.3 --------------------------------
2019/10/30 20:01:47.0 Finish
2019/10/30 20:01:47.0 --------------------------------
2019/10/30 20:01:52.6 Finish
2019/10/30 20:01:52.6 --------------------------------
2019/10/30 20:26:50.5 CreateContest
2019/10/30 20:26:51.0 Create Solution [test]
2019/10/30 20:26:51.5 Create Project [QuestionA,QuestionB,QuestionC,QuestionD,QuestionE,QuestionF,QuestionG,QuestionH,QuestionI,QuestionJ,QuestionK,QuestionL,QuestionM,QuestionN,QuestionO,QuestionP,QuestionQ,QuestionR,QuestionS,QuestionT,QuestionU,QuestionV,QuestionW,QuestionX,QuestionY,QuestionZ]
2019/10/30 20:26:51.7 Join Solution [QuestionA,QuestionB,QuestionC,QuestionD,QuestionE,QuestionF,QuestionG,QuestionH,QuestionI,QuestionJ,QuestionK,QuestionL,QuestionM,QuestionN,QuestionO,QuestionP,QuestionQ,QuestionR,QuestionS,QuestionT,QuestionU,QuestionV,QuestionW,QuestionX,QuestionY,QuestionZ]
2019/10/30 20:26:51.7 Finish
2019/10/30 20:26:51.8 --------------------------------
2019/10/30 20:27:47.5 CreateContest
2019/10/30 20:27:48.0 Create Solution [test]
2019/10/30 20:27:49.7 Create Project [QuestionA]
2019/10/30 20:27:50.2 Join Solution [QuestionA]
2019/10/30 20:27:52.0 Create Project [QuestionB]
2019/10/30 20:27:52.5 Join Solution [QuestionB]
2019/10/30 20:27:54.2 Create Project [QuestionC]
2019/10/30 20:27:54.7 Join Solution [QuestionC]
2019/10/30 20:27:56.5 Create Project [QuestionD]
2019/10/30 20:27:57.1 Join Solution [QuestionD]
2019/10/30 20:27:58.9 Create Project [QuestionE]
2019/10/30 20:27:59.4 Join Solution [QuestionE]
2019/10/30 20:28:01.2 Create Project [QuestionF]
2019/10/30 20:28:01.8 Join Solution [QuestionF]
2019/10/30 20:28:03.7 Create Project [QuestionG]
2019/10/30 20:28:04.1 Join Solution [QuestionG]
2019/10/30 20:28:05.8 Create Project [QuestionH]
2019/10/30 20:28:06.2 Join Solution [QuestionH]
2019/10/30 20:28:08.0 Create Project [QuestionI]
2019/10/30 20:28:08.4 Join Solution [QuestionI]
2019/10/30 20:28:10.1 Create Project [QuestionJ]
2019/10/30 20:28:10.6 Join Solution [QuestionJ]
2019/10/30 20:28:12.4 Create Project [QuestionK]
2019/10/30 20:28:12.9 Join Solution [QuestionK]
2019/10/30 20:28:14.7 Create Project [QuestionL]
2019/10/30 20:28:15.2 Join Solution [QuestionL]
2019/10/30 20:28:17.0 Create Project [QuestionM]
2019/10/30 20:28:17.5 Join Solution [QuestionM]
2019/10/30 20:28:19.3 Create Project [QuestionN]
2019/10/30 20:28:19.9 Join Solution [QuestionN]
2019/10/30 20:28:21.7 Create Project [QuestionO]
2019/10/30 20:28:22.2 Join Solution [QuestionO]
2019/10/30 20:28:23.9 Create Project [QuestionP]
2019/10/30 20:28:24.4 Join Solution [QuestionP]
2019/10/30 20:28:26.1 Create Project [QuestionQ]
2019/10/30 20:28:26.6 Join Solution [QuestionQ]
2019/10/30 20:28:28.3 Create Project [QuestionR]
2019/10/30 20:28:28.8 Join Solution [QuestionR]
2019/10/30 20:28:30.5 Create Project [QuestionS]
2019/10/30 20:28:31.0 Join Solution [QuestionS]
2019/10/30 20:28:32.8 Create Project [QuestionT]
2019/10/30 20:28:33.3 Join Solution [QuestionT]
2019/10/30 20:28:35.0 Create Project [QuestionU]
2019/10/30 20:28:35.6 Join Solution [QuestionU]
2019/10/30 20:28:37.3 Create Project [QuestionV]
2019/10/30 20:28:37.8 Join Solution [QuestionV]
2019/10/30 20:28:39.5 Create Project [QuestionW]
2019/10/30 20:28:40.1 Join Solution [QuestionW]
2019/10/30 20:28:41.7 Create Project [QuestionX]
2019/10/30 20:28:42.3 Join Solution [QuestionX]
2019/10/30 20:28:44.0 Create Project [QuestionY]
2019/10/30 20:28:44.5 Join Solution [QuestionY]
2019/10/30 20:28:46.3 Create Project [QuestionZ]
2019/10/30 20:28:46.8 Join Solution [QuestionZ]
2019/10/30 20:28:46.8 Finish
2019/10/30 20:28:46.8 --------------------------------
